<?xml version="1.0" encoding="UTF-8"?>
<testsuite xmlns:xsi="http://www.w3.org/2001/XMLSchema-instance" xsi:noNamespaceSchemaLocation="https://maven.apache.org/surefire/maven-surefire-plugin/xsd/surefire-test-report.xsd" name="org.example.CalcTest" time="0.036" tests="2" errors="0" skipped="0" failures="0">
  <properties>
    <property name="java.specification.version" value="18"/>
    <property name="sun.cpu.isalist" value="amd64"/>
    <property name="sun.jnu.encoding" value="GBK"/>
    <property name="java.class.path" value="E:\massey\159.251\Week5\T4\tutorial4\target\test-classes;E:\massey\159.251\Week5\T4\tutorial4\target\classes;E:\APP\maven-Repository\org\junit\jupiter\junit-jupiter-engine\5.4.0\junit-jupiter-engine-5.4.0.jar;E:\APP\maven-Repository\org\apiguardian\apiguardian-api\1.0.0\apiguardian-api-1.0.0.jar;E:\APP\maven-Repository\org\junit\platform\junit-platform-engine\1.4.0\junit-platform-engine-1.4.0.jar;E:\APP\maven-Repository\org\opentest4j\opentest4j\1.1.1\opentest4j-1.1.1.jar;E:\APP\maven-Repository\org\junit\platform\junit-platform-commons\1.4.0\junit-platform-commons-1.4.0.jar;E:\APP\maven-Repository\org\junit\jupiter\junit-jupiter-api\5.4.0\junit-jupiter-api-5.4.0.jar;E:\APP\maven-Repository\org\junit\jupiter\junit-jupiter\5.9.1\junit-jupiter-5.9.1.jar;E:\APP\maven-Repository\org\junit\jupiter\junit-jupiter-params\5.9.1\junit-jupiter-params-5.9.1.jar;"/>
    <property name="java.vm.vendor" value="Oracle Corporation"/>
    <property name="sun.arch.data.model" value="64"/>
    <property name="user.variant" value=""/>
    <property name="java.vendor.url" value="https://java.oracle.com/"/>
    <property name="user.timezone" value="GMT+08:00"/>
    <property name="os.name" value="Windows 10"/>
    <property name="java.vm.specification.version" value="18"/>
    <property name="sun.java.launcher" value="SUN_STANDARD"/>
    <property name="user.country" value="CN"/>
    <property name="sun.boot.library.path" value="E:\APP\jdk-18\bin"/>
    <property name="sun.java.command" value="C:\Users\94186\AppData\Local\Temp\surefire4663168678778520303\surefirebooter7230760843448826846.jar C:\Users\94186\AppData\Local\Temp\surefire4663168678778520303 2022-10-06T23-13-55_513-jvmRun1 surefire16151534719478102433tmp surefire_016894108694224564038tmp"/>
    <property name="jdk.debug" value="release"/>
    <property name="surefire.test.class.path" value="E:\massey\159.251\Week5\T4\tutorial4\target\test-classes;E:\massey\159.251\Week5\T4\tutorial4\target\classes;E:\APP\maven-Repository\org\junit\jupiter\junit-jupiter-engine\5.4.0\junit-jupiter-engine-5.4.0.jar;E:\APP\maven-Repository\org\apiguardian\apiguardian-api\1.0.0\apiguardian-api-1.0.0.jar;E:\APP\maven-Repository\org\junit\platform\junit-platform-engine\1.4.0\junit-platform-engine-1.4.0.jar;E:\APP\maven-Repository\org\opentest4j\opentest4j\1.1.1\opentest4j-1.1.1.jar;E:\APP\maven-Repository\org\junit\platform\junit-platform-commons\1.4.0\junit-platform-commons-1.4.0.jar;E:\APP\maven-Repository\org\junit\jupiter\junit-jupiter-api\5.4.0\junit-jupiter-api-5.4.0.jar;E:\APP\maven-Repository\org\junit\jupiter\junit-jupiter\5.9.1\junit-jupiter-5.9.1.jar;E:\APP\maven-Repository\org\junit\jupiter\junit-jupiter-params\5.9.1\junit-jupiter-params-5.9.1.jar;"/>
    <property name="sun.cpu.endian" value="little"/>
    <property name="user.home" value="C:\Users\94186"/>
    <property name="user.language" value="zh"/>
    <property name="java.specification.vendor" value="Oracle Corporation"/>
    <property name="java.version.date" value="2022-03-22"/>
    <property name="java.home" value="E:\APP\jdk-18"/>
    <property name="file.separator" value="\"/>
    <property name="basedir" value="E:\massey\159.251\Week5\T4\tutorial4"/>
    <property name="java.vm.compressedOopsMode" value="Zero based"/>
    <property name="line.separator" value="&#10;"/>
    <property name="java.vm.specification.vendor" value="Oracle Corporation"/>
    <property name="java.specification.name" value="Java Platform API Specification"/>
    <property name="surefire.real.class.path" value="C:\Users\94186\AppData\Local\Temp\surefire4663168678778520303\surefirebooter7230760843448826846.jar"/>
    <property name="user.script" value=""/>
    <property name="sun.management.compiler" value="HotSpot 64-Bit Tiered Compilers"/>
    <property name="java.runtime.version" value="18+36-2087"/>
    <property name="user.name" value="94186"/>
    <property name="path.separator" value=";"/>
    <property name="os.version" value="10.0"/>
    <property name="java.runtime.name" value="Java(TM) SE Runtime Environment"/>
    <property name="file.encoding" value="UTF-8"/>
    <property name="java.vm.name" value="Java HotSpot(TM) 64-Bit Server VM"/>
    <property name="localRepository" value="E:\APP\maven-Repository"/>
    <property name="java.vendor.url.bug" value="https://bugreport.java.com/bugreport/"/>
    <property name="java.io.tmpdir" value="C:\Users\94186\AppData\Local\Temp\"/>
    <property name="java.version" value="18"/>
    <property name="user.dir" value="E:\massey\159.251\Week5\T4\tutorial4"/>
    <property name="os.arch" value="amd64"/>
    <property name="java.vm.specification.name" value="Java Virtual Machine Specification"/>
    <property name="sun.os.patch.level" value=""/>
    <property name="native.encoding" value="GBK"/>
    <property name="java.library.path" value="E:\APP\jdk-18\bin;C:\WINDOWS\Sun\Java\bin;C:\WINDOWS\system32;C:\WINDOWS;C:\Users\94186\bin;E:\Git\mingw64\bin;E:\Git\usr\local\bin;E:\Git\usr\bin;E:\Git\usr\bin;E:\Git\mingw64\bin;E:\Git\usr\bin;C:\Users\94186\bin;C:\Program Files\Common Files\Oracle\Java\javapath;C:\windows\system32;C:\windows;C:\windows\System32\Wbem;C:\windows\System32\WindowsPowerShell\v1.0;C:\windows\System32\OpenSSH;C:\Program Files (x86)\NVIDIA Corporation\PhysX\Common;C:\Program Files\NVIDIA Corporation\NVIDIA NvDLISR;C:\WINDOWS\system32;C:\WINDOWS;C:\WINDOWS\System32\Wbem;C:\WINDOWS\System32\WindowsPowerShell\v1.0;C:\WINDOWS\System32\OpenSSH;E:\Git\cmd;E:\APP\apache-maven-3.8.6\bin;E:\APP\jdk-18\bin;C:\Users\94186\AppData\Local\Microsoft\WindowsApps;E:\APP\IntelliJ IDEA 2021.3.3\bin;E:\Microsoft VS Code\bin;E:\APP\apache-maven-3.8.6\bin;E:\Git\usr\bin\vendor_perl;E:\Git\usr\bin\core_perl;."/>
    <property name="java.vm.info" value="mixed mode, sharing"/>
    <property name="java.vendor" value="Oracle Corporation"/>
    <property name="java.vm.version" value="18+36-2087"/>
    <property name="sun.io.unicode.encoding" value="UnicodeLittle"/>
    <property name="java.class.version" value="62.0"/>
  </properties>
  <testcase name="testSubtract" classname="org.example.CalcTest" time="0.029"/>
  <testcase name="testAddition" classname="org.example.CalcTest" time="0.002"/>
</testsuite>